19-Oct-2023 11:51:27.376 INFO [main] org.apache.catalina.startup.VersionLoggerListener.log Server version name:   Apache Tomcat/8.5.93
19-Oct-2023 11:51:27.380 INFO [main] org.apache.catalina.startup.VersionLoggerListener.log Server built:          Aug 23 2023 22:43:14 UTC
19-Oct-2023 11:51:27.380 INFO [main] org.apache.catalina.startup.VersionLoggerListener.log Server version number: 8.5.93.0
19-Oct-2023 11:51:27.381 INFO [main] org.apache.catalina.startup.VersionLoggerListener.log OS Name:               Windows 11
19-Oct-2023 11:51:27.381 INFO [main] org.apache.catalina.startup.VersionLoggerListener.log OS Version:            10.0
19-Oct-2023 11:51:27.381 INFO [main] org.apache.catalina.startup.VersionLoggerListener.log Architecture:          amd64
19-Oct-2023 11:51:27.382 INFO [main] org.apache.catalina.startup.VersionLoggerListener.log Java Home:             D:\install\JAVA\jdk-20.0.2
19-Oct-2023 11:51:27.382 INFO [main] org.apache.catalina.startup.VersionLoggerListener.log JVM Version:           20.0.2+9-78
19-Oct-2023 11:51:27.382 INFO [main] org.apache.catalina.startup.VersionLoggerListener.log JVM Vendor:            Oracle Corporation
19-Oct-2023 11:51:27.382 INFO [main] org.apache.catalina.startup.VersionLoggerListener.log CATALINA_BASE:         E:\AIUB STUDY\11th semeser\adv. Java\mid\lab\lab-5\first-application\webapps
19-Oct-2023 11:51:27.384 INFO [main] org.apache.catalina.startup.VersionLoggerListener.log CATALINA_HOME:         D:\install\apache-tomcat-8.5.93
19-Oct-2023 11:51:27.385 INFO [main] org.apache.catalina.startup.VersionLoggerListener.log Command line argument: --add-opens=java.base/java.lang=ALL-UNNAMED
19-Oct-2023 11:51:27.385 INFO [main] org.apache.catalina.startup.VersionLoggerListener.log Command line argument: --add-opens=java.base/java.io=ALL-UNNAMED
19-Oct-2023 11:51:27.385 INFO [main] org.apache.catalina.startup.VersionLoggerListener.log Command line argument: --add-opens=java.base/java.util=ALL-UNNAMED
19-Oct-2023 11:51:27.385 INFO [main] org.apache.catalina.startup.VersionLoggerListener.log Command line argument: --add-opens=java.base/java.util.concurrent=ALL-UNNAMED
19-Oct-2023 11:51:27.385 INFO [main] org.apache.catalina.startup.VersionLoggerListener.log Command line argument: --add-opens=java.rmi/sun.rmi.transport=ALL-UNNAMED
19-Oct-2023 11:51:27.385 INFO [main] org.apache.catalina.startup.VersionLoggerListener.log Command line argument: -Dcatalina.home=D:\install\apache-tomcat-8.5.93
19-Oct-2023 11:51:27.385 INFO [main] org.apache.catalina.startup.VersionLoggerListener.log Command line argument: -Dcatalina.base=E:\AIUB STUDY\11th semeser\adv. Java\mid\lab\lab-5\first-application\webapps
19-Oct-2023 11:51:27.386 INFO [main] org.apache.catalina.startup.VersionLoggerListener.log Command line argument: -Djava.io.tmpdir=E:\AIUB STUDY\11th semeser\adv. Java\mid\lab\lab-5\first-application\webapps\temp
19-Oct-2023 11:51:27.386 INFO [main] org.apache.catalina.startup.VersionLoggerListener.log Command line argument: -Djava.util.logging.config.file=E:\AIUB STUDY\11th semeser\adv. Java\mid\lab\lab-5\first-application\webapps\conf\logging.properties
19-Oct-2023 11:51:27.386 INFO [main] org.apache.catalina.startup.VersionLoggerListener.log Command line argument: -Djava.util.logging.manager=org.apache.juli.ClassLoaderLogManager
19-Oct-2023 11:51:27.386 INFO [main] org.apache.catalina.startup.VersionLoggerListener.log Command line argument: -javaagent:D:\install\IntellijIdea\IntelliJ IDEA Community Edition 2023.2.2\lib\idea_rt.jar=64736:D:\install\IntellijIdea\IntelliJ IDEA Community Edition 2023.2.2\bin
19-Oct-2023 11:51:27.386 INFO [main] org.apache.catalina.startup.VersionLoggerListener.log Command line argument: -Dfile.encoding=UTF-8
19-Oct-2023 11:51:27.387 INFO [main] org.apache.catalina.startup.VersionLoggerListener.log Command line argument: -Dsun.stdout.encoding=UTF-8
19-Oct-2023 11:51:27.387 INFO [main] org.apache.catalina.startup.VersionLoggerListener.log Command line argument: -Dsun.stderr.encoding=UTF-8
19-Oct-2023 11:51:27.387 INFO [main] org.apache.catalina.core.AprLifecycleListener.lifecycleEvent The Apache Tomcat Native library which allows using OpenSSL was not found on the java.library.path: [D:\install\JAVA\jdk-20.0.2\bin;C:\WINDOWS\Sun\Java\bin;C:\WINDOWS\system32;C:\WINDOWS;C:\Python311\Scripts\;C:\Python311\;C:\Program Files\Microsoftremove\jdk-11.0.12.7-hotspot\bin;D:\install\Oracol10gExpress\app\oracle\product\10.2.0\server\bin;D:\installremove\JAVA JDK VSCODE\bin;C:\ProgramData\Oracle\Javaremove\javapath;C:\Program Files (x86)\Common Files\Intel\Shared Libraries\redist\intel64\compiler;C:\Windows\system32;C:\Windows;C:\Windows\System32\Wbem;C:\Windows\System32\WindowsPowerShell\v1.0\;C:\Windows\System32\OpenSSH\;C:\Program Files (x86)\NVIDIA Corporation\PhysX\Common;C:\Program Files\NVIDIA Corporation\NVIDIA NvDLISR;C:\WINDOWS\system32;C:\WINDOWS;C:\WINDOWS\System32\Wbem;C:\WINDOWS\System32\WindowsPowerShell\v1.0\;C:\WINDOWS\System32\OpenSSH\;D:\install\mingw\bin;C:\removejava jsp\bin;D:\install\CODEBLOCK\CodeBlocks\MinGW\bin;C:\Program Files\Git\cmd;C:\Program Files\Microsoft SQL Server\150\Tools\Binn\;C:\Program Files\Microsoft SQL Server\Client SDK\ODBC\170\Tools\Binn\;C:\Program Files\dotnet\;D:\install\CODEBLOCK\CodeBlocks\MinGW\x86_64-w64-mingw32;C:\Program Files\Microsoft SQL Server\Client SDK\ODBC\110\Tools\Binn\;C:\Program Files (x86)\Microsoft SQL Server\120\Tools\Binn\;C:\Program Files\Microsoft SQL Server\120\Tools\Binn\;C:\Program Files\Microsoft SQL Server\120\DTS\Binn\;C:\Program Files (x86)\Microsoft SQL Server\120\Tools\Binn\ManagementStudio\;C:\Program Files (x86)\Microsoft SQL Server\120\DTS\Binn\;D:\install\pythoInstall;D:\install\MATLAB\runtime\win64;D:\install\MATLAB\R2022b\runtime\win64;D:\install\MATLAB\bin;D:\install\MATLAB\polyspace\bin;C:\WINDOWS\system32;C:\WINDOWS;C:\WINDOWS\System32\Wbem;C:\WINDOWS\System32\WindowsPowerShell\v1.0\;C:\WINDOWS\System32\OpenSSH\;D:\install\xampp\apache\bin;C:\Program Files\Cloudflare\Cloudflare WARP\;D:\install\opencvc\opencv\build\bin;D:\install\mingw\bin;D:\install\JAVA\jdk-20.0.2\bin;D:\install\apache-maven-3.9.4\bin;D:\install\nodeJs\;C:\ProgramData\chocolatey\bin;C:\Program Files\MySQL\MySQL Shell 8.0\bin\;C:\Users\Niloy\AppData\Local\Microsoft\WindowsApps;C:\Users\Niloy\AppData\Local\Programs\Microsoft VS Code\bin;D:\install\VS CODE\Microsoft VS Code\bin;D:\install\IntellijIdea\IntelliJ IDEA Community Edition 2023.2.2\bin;;C:\Users\Niloy\.dotnet\tools;D:\install\PythonPycharm\PyCharm Community Edition 2022.1.1\bin;;D:\install\pythoInstall;D:\install\pythoInstall\Scripts;C:\Users\Niloy\AppData\Roaming\npm;.]
19-Oct-2023 11:51:27.430 INFO [main] org.apache.coyote.AbstractProtocol.init Initializing ProtocolHandler ["http-nio-8080"]
19-Oct-2023 11:51:27.449 INFO [main] org.apache.catalina.startup.Catalina.load Initialization processed in 605 ms
19-Oct-2023 11:51:27.492 INFO [main] org.apache.catalina.core.StandardService.startInternal Starting service [Catalina]
19-Oct-2023 11:51:27.492 INFO [main] org.apache.catalina.core.StandardEngine.startInternal Starting Servlet engine: [Apache Tomcat/8.5.93]
19-Oct-2023 11:51:27.503 INFO [localhost-startStop-1] org.apache.catalina.startup.HostConfig.deployDescriptor Deploying deployment descriptor [E:\AIUB STUDY\11th semeser\adv. Java\mid\lab\lab-5\first-application\webapps\conf\Catalina\localhost\first-application.xml]
19-Oct-2023 11:51:27.909 INFO [localhost-startStop-1] org.apache.catalina.startup.HostConfig.deployDescriptor Deployment of deployment descriptor [E:\AIUB STUDY\11th semeser\adv. Java\mid\lab\lab-5\first-application\webapps\conf\Catalina\localhost\first-application.xml] has finished in [406] ms
19-Oct-2023 11:51:27.912 INFO [main] org.apache.coyote.AbstractProtocol.start Starting ProtocolHandler ["http-nio-8080"]
19-Oct-2023 11:51:27.963 INFO [main] org.apache.catalina.startup.Catalina.start Server startup in 513 ms
19-Oct-2023 12:09:07.569 INFO [Thread-1] org.apache.coyote.AbstractProtocol.pause Pausing ProtocolHandler ["http-nio-8080"]
19-Oct-2023 12:09:07.578 INFO [Thread-1] org.apache.catalina.core.StandardService.stopInternal Stopping service [Catalina]
19-Oct-2023 12:09:07.593 INFO [Thread-1] org.apache.coyote.AbstractProtocol.stop Stopping ProtocolHandler ["http-nio-8080"]
19-Oct-2023 12:09:07.617 INFO [Thread-1] org.apache.coyote.AbstractProtocol.destroy Destroying ProtocolHandler ["http-nio-8080"]
19-Oct-2023 12:09:11.618 INFO [main] org.apache.catalina.startup.VersionLoggerListener.log Server version name:   Apache Tomcat/8.5.93
19-Oct-2023 12:09:11.622 INFO [main] org.apache.catalina.startup.VersionLoggerListener.log Server built:          Aug 23 2023 22:43:14 UTC
19-Oct-2023 12:09:11.622 INFO [main] org.apache.catalina.startup.VersionLoggerListener.log Server version number: 8.5.93.0
19-Oct-2023 12:09:11.623 INFO [main] org.apache.catalina.startup.VersionLoggerListener.log OS Name:               Windows 11
19-Oct-2023 12:09:11.623 INFO [main] org.apache.catalina.startup.VersionLoggerListener.log OS Version:            10.0
19-Oct-2023 12:09:11.623 INFO [main] org.apache.catalina.startup.VersionLoggerListener.log Architecture:          amd64
19-Oct-2023 12:09:11.623 INFO [main] org.apache.catalina.startup.VersionLoggerListener.log Java Home:             D:\install\JAVA\jdk-20.0.2
19-Oct-2023 12:09:11.623 INFO [main] org.apache.catalina.startup.VersionLoggerListener.log JVM Version:           20.0.2+9-78
19-Oct-2023 12:09:11.623 INFO [main] org.apache.catalina.startup.VersionLoggerListener.log JVM Vendor:            Oracle Corporation
19-Oct-2023 12:09:11.623 INFO [main] org.apache.catalina.startup.VersionLoggerListener.log CATALINA_BASE:         E:\AIUB STUDY\11th semeser\adv. Java\mid\lab\lab-5\first-application\webapps
19-Oct-2023 12:09:11.623 INFO [main] org.apache.catalina.startup.VersionLoggerListener.log CATALINA_HOME:         D:\install\apache-tomcat-8.5.93
19-Oct-2023 12:09:11.624 INFO [main] org.apache.catalina.startup.VersionLoggerListener.log Command line argument: --add-opens=java.base/java.lang=ALL-UNNAMED
19-Oct-2023 12:09:11.624 INFO [main] org.apache.catalina.startup.VersionLoggerListener.log Command line argument: --add-opens=java.base/java.io=ALL-UNNAMED
19-Oct-2023 12:09:11.624 INFO [main] org.apache.catalina.startup.VersionLoggerListener.log Command line argument: --add-opens=java.base/java.util=ALL-UNNAMED
19-Oct-2023 12:09:11.625 INFO [main] org.apache.catalina.startup.VersionLoggerListener.log Command line argument: --add-opens=java.base/java.util.concurrent=ALL-UNNAMED
19-Oct-2023 12:09:11.625 INFO [main] org.apache.catalina.startup.VersionLoggerListener.log Command line argument: --add-opens=java.rmi/sun.rmi.transport=ALL-UNNAMED
19-Oct-2023 12:09:11.625 INFO [main] org.apache.catalina.startup.VersionLoggerListener.log Command line argument: -Dcatalina.home=D:\install\apache-tomcat-8.5.93
19-Oct-2023 12:09:11.625 INFO [main] org.apache.catalina.startup.VersionLoggerListener.log Command line argument: -Dcatalina.base=E:\AIUB STUDY\11th semeser\adv. Java\mid\lab\lab-5\first-application\webapps
19-Oct-2023 12:09:11.625 INFO [main] org.apache.catalina.startup.VersionLoggerListener.log Command line argument: -Djava.io.tmpdir=E:\AIUB STUDY\11th semeser\adv. Java\mid\lab\lab-5\first-application\webapps\temp
19-Oct-2023 12:09:11.625 INFO [main] org.apache.catalina.startup.VersionLoggerListener.log Command line argument: -Djava.util.logging.config.file=E:\AIUB STUDY\11th semeser\adv. Java\mid\lab\lab-5\first-application\webapps\conf\logging.properties
19-Oct-2023 12:09:11.625 INFO [main] org.apache.catalina.startup.VersionLoggerListener.log Command line argument: -Djava.util.logging.manager=org.apache.juli.ClassLoaderLogManager
19-Oct-2023 12:09:11.625 INFO [main] org.apache.catalina.startup.VersionLoggerListener.log Command line argument: -javaagent:D:\install\IntellijIdea\IntelliJ IDEA Community Edition 2023.2.2\lib\idea_rt.jar=65033:D:\install\IntellijIdea\IntelliJ IDEA Community Edition 2023.2.2\bin
19-Oct-2023 12:09:11.625 INFO [main] org.apache.catalina.startup.VersionLoggerListener.log Command line argument: -Dfile.encoding=UTF-8
19-Oct-2023 12:09:11.626 INFO [main] org.apache.catalina.startup.VersionLoggerListener.log Command line argument: -Dsun.stdout.encoding=UTF-8
19-Oct-2023 12:09:11.626 INFO [main] org.apache.catalina.startup.VersionLoggerListener.log Command line argument: -Dsun.stderr.encoding=UTF-8
19-Oct-2023 12:09:11.626 INFO [main] org.apache.catalina.core.AprLifecycleListener.lifecycleEvent The Apache Tomcat Native library which allows using OpenSSL was not found on the java.library.path: [D:\install\JAVA\jdk-20.0.2\bin;C:\WINDOWS\Sun\Java\bin;C:\WINDOWS\system32;C:\WINDOWS;C:\Python311\Scripts\;C:\Python311\;C:\Program Files\Microsoftremove\jdk-11.0.12.7-hotspot\bin;D:\install\Oracol10gExpress\app\oracle\product\10.2.0\server\bin;D:\installremove\JAVA JDK VSCODE\bin;C:\ProgramData\Oracle\Javaremove\javapath;C:\Program Files (x86)\Common Files\Intel\Shared Libraries\redist\intel64\compiler;C:\Windows\system32;C:\Windows;C:\Windows\System32\Wbem;C:\Windows\System32\WindowsPowerShell\v1.0\;C:\Windows\System32\OpenSSH\;C:\Program Files (x86)\NVIDIA Corporation\PhysX\Common;C:\Program Files\NVIDIA Corporation\NVIDIA NvDLISR;C:\WINDOWS\system32;C:\WINDOWS;C:\WINDOWS\System32\Wbem;C:\WINDOWS\System32\WindowsPowerShell\v1.0\;C:\WINDOWS\System32\OpenSSH\;D:\install\mingw\bin;C:\removejava jsp\bin;D:\install\CODEBLOCK\CodeBlocks\MinGW\bin;C:\Program Files\Git\cmd;C:\Program Files\Microsoft SQL Server\150\Tools\Binn\;C:\Program Files\Microsoft SQL Server\Client SDK\ODBC\170\Tools\Binn\;C:\Program Files\dotnet\;D:\install\CODEBLOCK\CodeBlocks\MinGW\x86_64-w64-mingw32;C:\Program Files\Microsoft SQL Server\Client SDK\ODBC\110\Tools\Binn\;C:\Program Files (x86)\Microsoft SQL Server\120\Tools\Binn\;C:\Program Files\Microsoft SQL Server\120\Tools\Binn\;C:\Program Files\Microsoft SQL Server\120\DTS\Binn\;C:\Program Files (x86)\Microsoft SQL Server\120\Tools\Binn\ManagementStudio\;C:\Program Files (x86)\Microsoft SQL Server\120\DTS\Binn\;D:\install\pythoInstall;D:\install\MATLAB\runtime\win64;D:\install\MATLAB\R2022b\runtime\win64;D:\install\MATLAB\bin;D:\install\MATLAB\polyspace\bin;C:\WINDOWS\system32;C:\WINDOWS;C:\WINDOWS\System32\Wbem;C:\WINDOWS\System32\WindowsPowerShell\v1.0\;C:\WINDOWS\System32\OpenSSH\;D:\install\xampp\apache\bin;C:\Program Files\Cloudflare\Cloudflare WARP\;D:\install\opencvc\opencv\build\bin;D:\install\mingw\bin;D:\install\JAVA\jdk-20.0.2\bin;D:\install\apache-maven-3.9.4\bin;D:\install\nodeJs\;C:\ProgramData\chocolatey\bin;C:\Program Files\MySQL\MySQL Shell 8.0\bin\;C:\Users\Niloy\AppData\Local\Microsoft\WindowsApps;C:\Users\Niloy\AppData\Local\Programs\Microsoft VS Code\bin;D:\install\VS CODE\Microsoft VS Code\bin;D:\install\IntellijIdea\IntelliJ IDEA Community Edition 2023.2.2\bin;;C:\Users\Niloy\.dotnet\tools;D:\install\PythonPycharm\PyCharm Community Edition 2022.1.1\bin;;D:\install\pythoInstall;D:\install\pythoInstall\Scripts;C:\Users\Niloy\AppData\Roaming\npm;.]
19-Oct-2023 12:09:11.678 INFO [main] org.apache.coyote.AbstractProtocol.init Initializing ProtocolHandler ["http-nio-8080"]
19-Oct-2023 12:09:11.701 INFO [main] org.apache.catalina.startup.Catalina.load Initialization processed in 681 ms
19-Oct-2023 12:09:11.750 INFO [main] org.apache.catalina.core.StandardService.startInternal Starting service [Catalina]
19-Oct-2023 12:09:11.750 INFO [main] org.apache.catalina.core.StandardEngine.startInternal Starting Servlet engine: [Apache Tomcat/8.5.93]
19-Oct-2023 12:09:11.762 INFO [localhost-startStop-1] org.apache.catalina.startup.HostConfig.deployDescriptor Deploying deployment descriptor [E:\AIUB STUDY\11th semeser\adv. Java\mid\lab\lab-5\first-application\webapps\conf\Catalina\localhost\first-application.xml]
19-Oct-2023 12:09:12.212 INFO [localhost-startStop-1] org.apache.catalina.startup.HostConfig.deployDescriptor Deployment of deployment descriptor [E:\AIUB STUDY\11th semeser\adv. Java\mid\lab\lab-5\first-application\webapps\conf\Catalina\localhost\first-application.xml] has finished in [449] ms
19-Oct-2023 12:09:12.217 INFO [main] org.apache.coyote.AbstractProtocol.start Starting ProtocolHandler ["http-nio-8080"]
19-Oct-2023 12:09:12.267 INFO [main] org.apache.catalina.startup.Catalina.start Server startup in 564 ms
19-Oct-2023 12:14:42.672 INFO [Thread-1] org.apache.coyote.AbstractProtocol.pause Pausing ProtocolHandler ["http-nio-8080"]
19-Oct-2023 12:14:42.681 INFO [Thread-1] org.apache.catalina.core.StandardService.stopInternal Stopping service [Catalina]
19-Oct-2023 12:14:42.698 INFO [Thread-1] org.apache.coyote.AbstractProtocol.stop Stopping ProtocolHandler ["http-nio-8080"]
19-Oct-2023 12:14:42.708 INFO [Thread-1] org.apache.coyote.AbstractProtocol.destroy Destroying ProtocolHandler ["http-nio-8080"]
19-Oct-2023 12:14:45.300 INFO [main] org.apache.catalina.startup.VersionLoggerListener.log Server version name:   Apache Tomcat/8.5.93
19-Oct-2023 12:14:45.305 INFO [main] org.apache.catalina.startup.VersionLoggerListener.log Server built:          Aug 23 2023 22:43:14 UTC
19-Oct-2023 12:14:45.305 INFO [main] org.apache.catalina.startup.VersionLoggerListener.log Server version number: 8.5.93.0
19-Oct-2023 12:14:45.305 INFO [main] org.apache.catalina.startup.VersionLoggerListener.log OS Name:               Windows 11
19-Oct-2023 12:14:45.305 INFO [main] org.apache.catalina.startup.VersionLoggerListener.log OS Version:            10.0
19-Oct-2023 12:14:45.305 INFO [main] org.apache.catalina.startup.VersionLoggerListener.log Architecture:          amd64
19-Oct-2023 12:14:45.305 INFO [main] org.apache.catalina.startup.VersionLoggerListener.log Java Home:             D:\install\JAVA\jdk-20.0.2
19-Oct-2023 12:14:45.305 INFO [main] org.apache.catalina.startup.VersionLoggerListener.log JVM Version:           20.0.2+9-78
19-Oct-2023 12:14:45.306 INFO [main] org.apache.catalina.startup.VersionLoggerListener.log JVM Vendor:            Oracle Corporation
19-Oct-2023 12:14:45.306 INFO [main] org.apache.catalina.startup.VersionLoggerListener.log CATALINA_BASE:         E:\AIUB STUDY\11th semeser\adv. Java\mid\lab\lab-5\first-application\webapps
19-Oct-2023 12:14:45.306 INFO [main] org.apache.catalina.startup.VersionLoggerListener.log CATALINA_HOME:         D:\install\apache-tomcat-8.5.93
19-Oct-2023 12:14:45.307 INFO [main] org.apache.catalina.startup.VersionLoggerListener.log Command line argument: --add-opens=java.base/java.lang=ALL-UNNAMED
19-Oct-2023 12:14:45.307 INFO [main] org.apache.catalina.startup.VersionLoggerListener.log Command line argument: --add-opens=java.base/java.io=ALL-UNNAMED
19-Oct-2023 12:14:45.307 INFO [main] org.apache.catalina.startup.VersionLoggerListener.log Command line argument: --add-opens=java.base/java.util=ALL-UNNAMED
19-Oct-2023 12:14:45.307 INFO [main] org.apache.catalina.startup.VersionLoggerListener.log Command line argument: --add-opens=java.base/java.util.concurrent=ALL-UNNAMED
19-Oct-2023 12:14:45.307 INFO [main] org.apache.catalina.startup.VersionLoggerListener.log Command line argument: --add-opens=java.rmi/sun.rmi.transport=ALL-UNNAMED
19-Oct-2023 12:14:45.307 INFO [main] org.apache.catalina.startup.VersionLoggerListener.log Command line argument: -Dcatalina.home=D:\install\apache-tomcat-8.5.93
19-Oct-2023 12:14:45.308 INFO [main] org.apache.catalina.startup.VersionLoggerListener.log Command line argument: -Dcatalina.base=E:\AIUB STUDY\11th semeser\adv. Java\mid\lab\lab-5\first-application\webapps
19-Oct-2023 12:14:45.308 INFO [main] org.apache.catalina.startup.VersionLoggerListener.log Command line argument: -Djava.io.tmpdir=E:\AIUB STUDY\11th semeser\adv. Java\mid\lab\lab-5\first-application\webapps\temp
19-Oct-2023 12:14:45.308 INFO [main] org.apache.catalina.startup.VersionLoggerListener.log Command line argument: -Djava.util.logging.config.file=E:\AIUB STUDY\11th semeser\adv. Java\mid\lab\lab-5\first-application\webapps\conf\logging.properties
19-Oct-2023 12:14:45.308 INFO [main] org.apache.catalina.startup.VersionLoggerListener.log Command line argument: -Djava.util.logging.manager=org.apache.juli.ClassLoaderLogManager
19-Oct-2023 12:14:45.308 INFO [main] org.apache.catalina.startup.VersionLoggerListener.log Command line argument: -javaagent:D:\install\IntellijIdea\IntelliJ IDEA Community Edition 2023.2.2\lib\idea_rt.jar=65072:D:\install\IntellijIdea\IntelliJ IDEA Community Edition 2023.2.2\bin
19-Oct-2023 12:14:45.308 INFO [main] org.apache.catalina.startup.VersionLoggerListener.log Command line argument: -Dfile.encoding=UTF-8
19-Oct-2023 12:14:45.308 INFO [main] org.apache.catalina.startup.VersionLoggerListener.log Command line argument: -Dsun.stdout.encoding=UTF-8
19-Oct-2023 12:14:45.308 INFO [main] org.apache.catalina.startup.VersionLoggerListener.log Command line argument: -Dsun.stderr.encoding=UTF-8
19-Oct-2023 12:14:45.309 INFO [main] org.apache.catalina.core.AprLifecycleListener.lifecycleEvent The Apache Tomcat Native library which allows using OpenSSL was not found on the java.library.path: [D:\install\JAVA\jdk-20.0.2\bin;C:\WINDOWS\Sun\Java\bin;C:\WINDOWS\system32;C:\WINDOWS;C:\Python311\Scripts\;C:\Python311\;C:\Program Files\Microsoftremove\jdk-11.0.12.7-hotspot\bin;D:\install\Oracol10gExpress\app\oracle\product\10.2.0\server\bin;D:\installremove\JAVA JDK VSCODE\bin;C:\ProgramData\Oracle\Javaremove\javapath;C:\Program Files (x86)\Common Files\Intel\Shared Libraries\redist\intel64\compiler;C:\Windows\system32;C:\Windows;C:\Windows\System32\Wbem;C:\Windows\System32\WindowsPowerShell\v1.0\;C:\Windows\System32\OpenSSH\;C:\Program Files (x86)\NVIDIA Corporation\PhysX\Common;C:\Program Files\NVIDIA Corporation\NVIDIA NvDLISR;C:\WINDOWS\system32;C:\WINDOWS;C:\WINDOWS\System32\Wbem;C:\WINDOWS\System32\WindowsPowerShell\v1.0\;C:\WINDOWS\System32\OpenSSH\;D:\install\mingw\bin;C:\removejava jsp\bin;D:\install\CODEBLOCK\CodeBlocks\MinGW\bin;C:\Program Files\Git\cmd;C:\Program Files\Microsoft SQL Server\150\Tools\Binn\;C:\Program Files\Microsoft SQL Server\Client SDK\ODBC\170\Tools\Binn\;C:\Program Files\dotnet\;D:\install\CODEBLOCK\CodeBlocks\MinGW\x86_64-w64-mingw32;C:\Program Files\Microsoft SQL Server\Client SDK\ODBC\110\Tools\Binn\;C:\Program Files (x86)\Microsoft SQL Server\120\Tools\Binn\;C:\Program Files\Microsoft SQL Server\120\Tools\Binn\;C:\Program Files\Microsoft SQL Server\120\DTS\Binn\;C:\Program Files (x86)\Microsoft SQL Server\120\Tools\Binn\ManagementStudio\;C:\Program Files (x86)\Microsoft SQL Server\120\DTS\Binn\;D:\install\pythoInstall;D:\install\MATLAB\runtime\win64;D:\install\MATLAB\R2022b\runtime\win64;D:\install\MATLAB\bin;D:\install\MATLAB\polyspace\bin;C:\WINDOWS\system32;C:\WINDOWS;C:\WINDOWS\System32\Wbem;C:\WINDOWS\System32\WindowsPowerShell\v1.0\;C:\WINDOWS\System32\OpenSSH\;D:\install\xampp\apache\bin;C:\Program Files\Cloudflare\Cloudflare WARP\;D:\install\opencvc\opencv\build\bin;D:\install\mingw\bin;D:\install\JAVA\jdk-20.0.2\bin;D:\install\apache-maven-3.9.4\bin;D:\install\nodeJs\;C:\ProgramData\chocolatey\bin;C:\Program Files\MySQL\MySQL Shell 8.0\bin\;C:\Users\Niloy\AppData\Local\Microsoft\WindowsApps;C:\Users\Niloy\AppData\Local\Programs\Microsoft VS Code\bin;D:\install\VS CODE\Microsoft VS Code\bin;D:\install\IntellijIdea\IntelliJ IDEA Community Edition 2023.2.2\bin;;C:\Users\Niloy\.dotnet\tools;D:\install\PythonPycharm\PyCharm Community Edition 2022.1.1\bin;;D:\install\pythoInstall;D:\install\pythoInstall\Scripts;C:\Users\Niloy\AppData\Roaming\npm;.]
19-Oct-2023 12:14:45.355 INFO [main] org.apache.coyote.AbstractProtocol.init Initializing ProtocolHandler ["http-nio-8080"]
19-Oct-2023 12:14:45.373 INFO [main] org.apache.catalina.startup.Catalina.load Initialization processed in 616 ms
19-Oct-2023 12:14:45.417 INFO [main] org.apache.catalina.core.StandardService.startInternal Starting service [Catalina]
19-Oct-2023 12:14:45.418 INFO [main] org.apache.catalina.core.StandardEngine.startInternal Starting Servlet engine: [Apache Tomcat/8.5.93]
19-Oct-2023 12:14:45.430 INFO [localhost-startStop-1] org.apache.catalina.startup.HostConfig.deployDescriptor Deploying deployment descriptor [E:\AIUB STUDY\11th semeser\adv. Java\mid\lab\lab-5\first-application\webapps\conf\Catalina\localhost\first-application.xml]
19-Oct-2023 12:14:45.850 INFO [localhost-startStop-1] org.apache.catalina.startup.HostConfig.deployDescriptor Deployment of deployment descriptor [E:\AIUB STUDY\11th semeser\adv. Java\mid\lab\lab-5\first-application\webapps\conf\Catalina\localhost\first-application.xml] has finished in [419] ms
19-Oct-2023 12:14:45.853 INFO [main] org.apache.coyote.AbstractProtocol.start Starting ProtocolHandler ["http-nio-8080"]
19-Oct-2023 12:14:45.907 INFO [main] org.apache.catalina.startup.Catalina.start Server startup in 533 ms
19-Oct-2023 12:18:49.307 INFO [Thread-1] org.apache.coyote.AbstractProtocol.pause Pausing ProtocolHandler ["http-nio-8080"]
19-Oct-2023 12:18:49.317 INFO [Thread-1] org.apache.catalina.core.StandardService.stopInternal Stopping service [Catalina]
19-Oct-2023 12:18:49.333 INFO [Thread-1] org.apache.coyote.AbstractProtocol.stop Stopping ProtocolHandler ["http-nio-8080"]
19-Oct-2023 12:18:49.351 INFO [Thread-1] org.apache.coyote.AbstractProtocol.destroy Destroying ProtocolHandler ["http-nio-8080"]
19-Oct-2023 12:18:57.062 INFO [main] org.apache.catalina.startup.VersionLoggerListener.log Server version name:   Apache Tomcat/8.5.93
19-Oct-2023 12:18:57.065 INFO [main] org.apache.catalina.startup.VersionLoggerListener.log Server built:          Aug 23 2023 22:43:14 UTC
19-Oct-2023 12:18:57.065 INFO [main] org.apache.catalina.startup.VersionLoggerListener.log Server version number: 8.5.93.0
19-Oct-2023 12:18:57.065 INFO [main] org.apache.catalina.startup.VersionLoggerListener.log OS Name:               Windows 11
19-Oct-2023 12:18:57.065 INFO [main] org.apache.catalina.startup.VersionLoggerListener.log OS Version:            10.0
19-Oct-2023 12:18:57.065 INFO [main] org.apache.catalina.startup.VersionLoggerListener.log Architecture:          amd64
19-Oct-2023 12:18:57.066 INFO [main] org.apache.catalina.startup.VersionLoggerListener.log Java Home:             D:\install\JAVA\jdk-20.0.2
19-Oct-2023 12:18:57.066 INFO [main] org.apache.catalina.startup.VersionLoggerListener.log JVM Version:           20.0.2+9-78
19-Oct-2023 12:18:57.066 INFO [main] org.apache.catalina.startup.VersionLoggerListener.log JVM Vendor:            Oracle Corporation
19-Oct-2023 12:18:57.066 INFO [main] org.apache.catalina.startup.VersionLoggerListener.log CATALINA_BASE:         E:\AIUB STUDY\11th semeser\adv. Java\mid\lab\lab-5\first-application\webapps
19-Oct-2023 12:18:57.066 INFO [main] org.apache.catalina.startup.VersionLoggerListener.log CATALINA_HOME:         D:\install\apache-tomcat-8.5.93
19-Oct-2023 12:18:57.067 INFO [main] org.apache.catalina.startup.VersionLoggerListener.log Command line argument: --add-opens=java.base/java.lang=ALL-UNNAMED
19-Oct-2023 12:18:57.067 INFO [main] org.apache.catalina.startup.VersionLoggerListener.log Command line argument: --add-opens=java.base/java.io=ALL-UNNAMED
19-Oct-2023 12:18:57.068 INFO [main] org.apache.catalina.startup.VersionLoggerListener.log Command line argument: --add-opens=java.base/java.util=ALL-UNNAMED
19-Oct-2023 12:18:57.068 INFO [main] org.apache.catalina.startup.VersionLoggerListener.log Command line argument: --add-opens=java.base/java.util.concurrent=ALL-UNNAMED
19-Oct-2023 12:18:57.068 INFO [main] org.apache.catalina.startup.VersionLoggerListener.log Command line argument: --add-opens=java.rmi/sun.rmi.transport=ALL-UNNAMED
19-Oct-2023 12:18:57.068 INFO [main] org.apache.catalina.startup.VersionLoggerListener.log Command line argument: -Dcatalina.home=D:\install\apache-tomcat-8.5.93
19-Oct-2023 12:18:57.068 INFO [main] org.apache.catalina.startup.VersionLoggerListener.log Command line argument: -Dcatalina.base=E:\AIUB STUDY\11th semeser\adv. Java\mid\lab\lab-5\first-application\webapps
19-Oct-2023 12:18:57.068 INFO [main] org.apache.catalina.startup.VersionLoggerListener.log Command line argument: -Djava.io.tmpdir=E:\AIUB STUDY\11th semeser\adv. Java\mid\lab\lab-5\first-application\webapps\temp
19-Oct-2023 12:18:57.068 INFO [main] org.apache.catalina.startup.VersionLoggerListener.log Command line argument: -Djava.util.logging.config.file=E:\AIUB STUDY\11th semeser\adv. Java\mid\lab\lab-5\first-application\webapps\conf\logging.properties
19-Oct-2023 12:18:57.069 INFO [main] org.apache.catalina.startup.VersionLoggerListener.log Command line argument: -Djava.util.logging.manager=org.apache.juli.ClassLoaderLogManager
19-Oct-2023 12:18:57.069 INFO [main] org.apache.catalina.startup.VersionLoggerListener.log Command line argument: -javaagent:D:\install\IntellijIdea\IntelliJ IDEA Community Edition 2023.2.2\lib\idea_rt.jar=65114:D:\install\IntellijIdea\IntelliJ IDEA Community Edition 2023.2.2\bin
19-Oct-2023 12:18:57.069 INFO [main] org.apache.catalina.startup.VersionLoggerListener.log Command line argument: -Dfile.encoding=UTF-8
19-Oct-2023 12:18:57.069 INFO [main] org.apache.catalina.startup.VersionLoggerListener.log Command line argument: -Dsun.stdout.encoding=UTF-8
19-Oct-2023 12:18:57.069 INFO [main] org.apache.catalina.startup.VersionLoggerListener.log Command line argument: -Dsun.stderr.encoding=UTF-8
19-Oct-2023 12:18:57.069 INFO [main] org.apache.catalina.core.AprLifecycleListener.lifecycleEvent The Apache Tomcat Native library which allows using OpenSSL was not found on the java.library.path: [D:\install\JAVA\jdk-20.0.2\bin;C:\WINDOWS\Sun\Java\bin;C:\WINDOWS\system32;C:\WINDOWS;C:\Python311\Scripts\;C:\Python311\;C:\Program Files\Microsoftremove\jdk-11.0.12.7-hotspot\bin;D:\install\Oracol10gExpress\app\oracle\product\10.2.0\server\bin;D:\installremove\JAVA JDK VSCODE\bin;C:\ProgramData\Oracle\Javaremove\javapath;C:\Program Files (x86)\Common Files\Intel\Shared Libraries\redist\intel64\compiler;C:\Windows\system32;C:\Windows;C:\Windows\System32\Wbem;C:\Windows\System32\WindowsPowerShell\v1.0\;C:\Windows\System32\OpenSSH\;C:\Program Files (x86)\NVIDIA Corporation\PhysX\Common;C:\Program Files\NVIDIA Corporation\NVIDIA NvDLISR;C:\WINDOWS\system32;C:\WINDOWS;C:\WINDOWS\System32\Wbem;C:\WINDOWS\System32\WindowsPowerShell\v1.0\;C:\WINDOWS\System32\OpenSSH\;D:\install\mingw\bin;C:\removejava jsp\bin;D:\install\CODEBLOCK\CodeBlocks\MinGW\bin;C:\Program Files\Git\cmd;C:\Program Files\Microsoft SQL Server\150\Tools\Binn\;C:\Program Files\Microsoft SQL Server\Client SDK\ODBC\170\Tools\Binn\;C:\Program Files\dotnet\;D:\install\CODEBLOCK\CodeBlocks\MinGW\x86_64-w64-mingw32;C:\Program Files\Microsoft SQL Server\Client SDK\ODBC\110\Tools\Binn\;C:\Program Files (x86)\Microsoft SQL Server\120\Tools\Binn\;C:\Program Files\Microsoft SQL Server\120\Tools\Binn\;C:\Program Files\Microsoft SQL Server\120\DTS\Binn\;C:\Program Files (x86)\Microsoft SQL Server\120\Tools\Binn\ManagementStudio\;C:\Program Files (x86)\Microsoft SQL Server\120\DTS\Binn\;D:\install\pythoInstall;D:\install\MATLAB\runtime\win64;D:\install\MATLAB\R2022b\runtime\win64;D:\install\MATLAB\bin;D:\install\MATLAB\polyspace\bin;C:\WINDOWS\system32;C:\WINDOWS;C:\WINDOWS\System32\Wbem;C:\WINDOWS\System32\WindowsPowerShell\v1.0\;C:\WINDOWS\System32\OpenSSH\;D:\install\xampp\apache\bin;C:\Program Files\Cloudflare\Cloudflare WARP\;D:\install\opencvc\opencv\build\bin;D:\install\mingw\bin;D:\install\JAVA\jdk-20.0.2\bin;D:\install\apache-maven-3.9.4\bin;D:\install\nodeJs\;C:\ProgramData\chocolatey\bin;C:\Program Files\MySQL\MySQL Shell 8.0\bin\;C:\Users\Niloy\AppData\Local\Microsoft\WindowsApps;C:\Users\Niloy\AppData\Local\Programs\Microsoft VS Code\bin;D:\install\VS CODE\Microsoft VS Code\bin;D:\install\IntellijIdea\IntelliJ IDEA Community Edition 2023.2.2\bin;;C:\Users\Niloy\.dotnet\tools;D:\install\PythonPycharm\PyCharm Community Edition 2022.1.1\bin;;D:\install\pythoInstall;D:\install\pythoInstall\Scripts;C:\Users\Niloy\AppData\Roaming\npm;.]
19-Oct-2023 12:18:57.117 INFO [main] org.apache.coyote.AbstractProtocol.init Initializing ProtocolHandler ["http-nio-8080"]
19-Oct-2023 12:18:57.140 INFO [main] org.apache.catalina.startup.Catalina.load Initialization processed in 631 ms
19-Oct-2023 12:18:57.181 INFO [main] org.apache.catalina.core.StandardService.startInternal Starting service [Catalina]
19-Oct-2023 12:18:57.181 INFO [main] org.apache.catalina.core.StandardEngine.startInternal Starting Servlet engine: [Apache Tomcat/8.5.93]
19-Oct-2023 12:18:57.192 INFO [localhost-startStop-1] org.apache.catalina.startup.HostConfig.deployDescriptor Deploying deployment descriptor [E:\AIUB STUDY\11th semeser\adv. Java\mid\lab\lab-5\first-application\webapps\conf\Catalina\localhost\first-application.xml]
19-Oct-2023 12:18:57.604 INFO [localhost-startStop-1] org.apache.catalina.startup.HostConfig.deployDescriptor Deployment of deployment descriptor [E:\AIUB STUDY\11th semeser\adv. Java\mid\lab\lab-5\first-application\webapps\conf\Catalina\localhost\first-application.xml] has finished in [411] ms
19-Oct-2023 12:18:57.608 INFO [main] org.apache.coyote.AbstractProtocol.start Starting ProtocolHandler ["http-nio-8080"]
19-Oct-2023 12:18:57.658 INFO [main] org.apache.catalina.startup.Catalina.start Server startup in 517 ms
19-Oct-2023 12:20:47.840 INFO [Thread-1] org.apache.coyote.AbstractProtocol.pause Pausing ProtocolHandler ["http-nio-8080"]
19-Oct-2023 12:20:47.848 INFO [Thread-1] org.apache.catalina.core.StandardService.stopInternal Stopping service [Catalina]
19-Oct-2023 12:20:47.863 INFO [Thread-1] org.apache.coyote.AbstractProtocol.stop Stopping ProtocolHandler ["http-nio-8080"]
19-Oct-2023 12:20:47.879 INFO [Thread-1] org.apache.coyote.AbstractProtocol.destroy Destroying ProtocolHandler ["http-nio-8080"]
19-Oct-2023 12:20:49.376 INFO [main] org.apache.catalina.startup.VersionLoggerListener.log Server version name:   Apache Tomcat/8.5.93
19-Oct-2023 12:20:49.380 INFO [main] org.apache.catalina.startup.VersionLoggerListener.log Server built:          Aug 23 2023 22:43:14 UTC
19-Oct-2023 12:20:49.380 INFO [main] org.apache.catalina.startup.VersionLoggerListener.log Server version number: 8.5.93.0
19-Oct-2023 12:20:49.380 INFO [main] org.apache.catalina.startup.VersionLoggerListener.log OS Name:               Windows 11
19-Oct-2023 12:20:49.380 INFO [main] org.apache.catalina.startup.VersionLoggerListener.log OS Version:            10.0
19-Oct-2023 12:20:49.380 INFO [main] org.apache.catalina.startup.VersionLoggerListener.log Architecture:          amd64
19-Oct-2023 12:20:49.380 INFO [main] org.apache.catalina.startup.VersionLoggerListener.log Java Home:             D:\install\JAVA\jdk-20.0.2
19-Oct-2023 12:20:49.380 INFO [main] org.apache.catalina.startup.VersionLoggerListener.log JVM Version:           20.0.2+9-78
19-Oct-2023 12:20:49.381 INFO [main] org.apache.catalina.startup.VersionLoggerListener.log JVM Vendor:            Oracle Corporation
19-Oct-2023 12:20:49.381 INFO [main] org.apache.catalina.startup.VersionLoggerListener.log CATALINA_BASE:         E:\AIUB STUDY\11th semeser\adv. Java\mid\lab\lab-5\first-application\webapps
19-Oct-2023 12:20:49.381 INFO [main] org.apache.catalina.startup.VersionLoggerListener.log CATALINA_HOME:         D:\install\apache-tomcat-8.5.93
19-Oct-2023 12:20:49.382 INFO [main] org.apache.catalina.startup.VersionLoggerListener.log Command line argument: --add-opens=java.base/java.lang=ALL-UNNAMED
19-Oct-2023 12:20:49.383 INFO [main] org.apache.catalina.startup.VersionLoggerListener.log Command line argument: --add-opens=java.base/java.io=ALL-UNNAMED
19-Oct-2023 12:20:49.383 INFO [main] org.apache.catalina.startup.VersionLoggerListener.log Command line argument: --add-opens=java.base/java.util=ALL-UNNAMED
19-Oct-2023 12:20:49.383 INFO [main] org.apache.catalina.startup.VersionLoggerListener.log Command line argument: --add-opens=java.base/java.util.concurrent=ALL-UNNAMED
19-Oct-2023 12:20:49.383 INFO [main] org.apache.catalina.startup.VersionLoggerListener.log Command line argument: --add-opens=java.rmi/sun.rmi.transport=ALL-UNNAMED
19-Oct-2023 12:20:49.383 INFO [main] org.apache.catalina.startup.VersionLoggerListener.log Command line argument: -Dcatalina.home=D:\install\apache-tomcat-8.5.93
19-Oct-2023 12:20:49.384 INFO [main] org.apache.catalina.startup.VersionLoggerListener.log Command line argument: -Dcatalina.base=E:\AIUB STUDY\11th semeser\adv. Java\mid\lab\lab-5\first-application\webapps
19-Oct-2023 12:20:49.384 INFO [main] org.apache.catalina.startup.VersionLoggerListener.log Command line argument: -Djava.io.tmpdir=E:\AIUB STUDY\11th semeser\adv. Java\mid\lab\lab-5\first-application\webapps\temp
19-Oct-2023 12:20:49.384 INFO [main] org.apache.catalina.startup.VersionLoggerListener.log Command line argument: -Djava.util.logging.config.file=E:\AIUB STUDY\11th semeser\adv. Java\mid\lab\lab-5\first-application\webapps\conf\logging.properties
19-Oct-2023 12:20:49.384 INFO [main] org.apache.catalina.startup.VersionLoggerListener.log Command line argument: -Djava.util.logging.manager=org.apache.juli.ClassLoaderLogManager
19-Oct-2023 12:20:49.384 INFO [main] org.apache.catalina.startup.VersionLoggerListener.log Command line argument: -javaagent:D:\install\IntellijIdea\IntelliJ IDEA Community Edition 2023.2.2\lib\idea_rt.jar=65131:D:\install\IntellijIdea\IntelliJ IDEA Community Edition 2023.2.2\bin
19-Oct-2023 12:20:49.384 INFO [main] org.apache.catalina.startup.VersionLoggerListener.log Command line argument: -Dfile.encoding=UTF-8
19-Oct-2023 12:20:49.385 INFO [main] org.apache.catalina.startup.VersionLoggerListener.log Command line argument: -Dsun.stdout.encoding=UTF-8
19-Oct-2023 12:20:49.385 INFO [main] org.apache.catalina.startup.VersionLoggerListener.log Command line argument: -Dsun.stderr.encoding=UTF-8
19-Oct-2023 12:20:49.385 INFO [main] org.apache.catalina.core.AprLifecycleListener.lifecycleEvent The Apache Tomcat Native library which allows using OpenSSL was not found on the java.library.path: [D:\install\JAVA\jdk-20.0.2\bin;C:\WINDOWS\Sun\Java\bin;C:\WINDOWS\system32;C:\WINDOWS;C:\Python311\Scripts\;C:\Python311\;C:\Program Files\Microsoftremove\jdk-11.0.12.7-hotspot\bin;D:\install\Oracol10gExpress\app\oracle\product\10.2.0\server\bin;D:\installremove\JAVA JDK VSCODE\bin;C:\ProgramData\Oracle\Javaremove\javapath;C:\Program Files (x86)\Common Files\Intel\Shared Libraries\redist\intel64\compiler;C:\Windows\system32;C:\Windows;C:\Windows\System32\Wbem;C:\Windows\System32\WindowsPowerShell\v1.0\;C:\Windows\System32\OpenSSH\;C:\Program Files (x86)\NVIDIA Corporation\PhysX\Common;C:\Program Files\NVIDIA Corporation\NVIDIA NvDLISR;C:\WINDOWS\system32;C:\WINDOWS;C:\WINDOWS\System32\Wbem;C:\WINDOWS\System32\WindowsPowerShell\v1.0\;C:\WINDOWS\System32\OpenSSH\;D:\install\mingw\bin;C:\removejava jsp\bin;D:\install\CODEBLOCK\CodeBlocks\MinGW\bin;C:\Program Files\Git\cmd;C:\Program Files\Microsoft SQL Server\150\Tools\Binn\;C:\Program Files\Microsoft SQL Server\Client SDK\ODBC\170\Tools\Binn\;C:\Program Files\dotnet\;D:\install\CODEBLOCK\CodeBlocks\MinGW\x86_64-w64-mingw32;C:\Program Files\Microsoft SQL Server\Client SDK\ODBC\110\Tools\Binn\;C:\Program Files (x86)\Microsoft SQL Server\120\Tools\Binn\;C:\Program Files\Microsoft SQL Server\120\Tools\Binn\;C:\Program Files\Microsoft SQL Server\120\DTS\Binn\;C:\Program Files (x86)\Microsoft SQL Server\120\Tools\Binn\ManagementStudio\;C:\Program Files (x86)\Microsoft SQL Server\120\DTS\Binn\;D:\install\pythoInstall;D:\install\MATLAB\runtime\win64;D:\install\MATLAB\R2022b\runtime\win64;D:\install\MATLAB\bin;D:\install\MATLAB\polyspace\bin;C:\WINDOWS\system32;C:\WINDOWS;C:\WINDOWS\System32\Wbem;C:\WINDOWS\System32\WindowsPowerShell\v1.0\;C:\WINDOWS\System32\OpenSSH\;D:\install\xampp\apache\bin;C:\Program Files\Cloudflare\Cloudflare WARP\;D:\install\opencvc\opencv\build\bin;D:\install\mingw\bin;D:\install\JAVA\jdk-20.0.2\bin;D:\install\apache-maven-3.9.4\bin;D:\install\nodeJs\;C:\ProgramData\chocolatey\bin;C:\Program Files\MySQL\MySQL Shell 8.0\bin\;C:\Users\Niloy\AppData\Local\Microsoft\WindowsApps;C:\Users\Niloy\AppData\Local\Programs\Microsoft VS Code\bin;D:\install\VS CODE\Microsoft VS Code\bin;D:\install\IntellijIdea\IntelliJ IDEA Community Edition 2023.2.2\bin;;C:\Users\Niloy\.dotnet\tools;D:\install\PythonPycharm\PyCharm Community Edition 2022.1.1\bin;;D:\install\pythoInstall;D:\install\pythoInstall\Scripts;C:\Users\Niloy\AppData\Roaming\npm;.]
19-Oct-2023 12:20:49.433 INFO [main] org.apache.coyote.AbstractProtocol.init Initializing ProtocolHandler ["http-nio-8080"]
19-Oct-2023 12:20:49.456 INFO [main] org.apache.catalina.startup.Catalina.load Initialization processed in 662 ms
19-Oct-2023 12:20:49.499 INFO [main] org.apache.catalina.core.StandardService.startInternal Starting service [Catalina]
19-Oct-2023 12:20:49.499 INFO [main] org.apache.catalina.core.StandardEngine.startInternal Starting Servlet engine: [Apache Tomcat/8.5.93]
19-Oct-2023 12:20:49.511 INFO [localhost-startStop-1] org.apache.catalina.startup.HostConfig.deployDescriptor Deploying deployment descriptor [E:\AIUB STUDY\11th semeser\adv. Java\mid\lab\lab-5\first-application\webapps\conf\Catalina\localhost\first-application.xml]
19-Oct-2023 12:20:49.924 INFO [localhost-startStop-1] org.apache.catalina.startup.HostConfig.deployDescriptor Deployment of deployment descriptor [E:\AIUB STUDY\11th semeser\adv. Java\mid\lab\lab-5\first-application\webapps\conf\Catalina\localhost\first-application.xml] has finished in [412] ms
19-Oct-2023 12:20:49.927 INFO [main] org.apache.coyote.AbstractProtocol.start Starting ProtocolHandler ["http-nio-8080"]
19-Oct-2023 12:20:49.979 INFO [main] org.apache.catalina.startup.Catalina.start Server startup in 522 ms
19-Oct-2023 13:26:17.248 INFO [Thread-1] org.apache.coyote.AbstractProtocol.pause Pausing ProtocolHandler ["http-nio-8080"]
19-Oct-2023 13:26:17.256 INFO [Thread-1] org.apache.catalina.core.StandardService.stopInternal Stopping service [Catalina]
19-Oct-2023 13:26:17.271 INFO [Thread-1] org.apache.coyote.AbstractProtocol.stop Stopping ProtocolHandler ["http-nio-8080"]
19-Oct-2023 13:26:17.293 INFO [Thread-1] org.apache.coyote.AbstractProtocol.destroy Destroying ProtocolHandler ["http-nio-8080"]
19-Oct-2023 13:26:19.931 INFO [main] org.apache.catalina.startup.VersionLoggerListener.log Server version name:   Apache Tomcat/8.5.93
19-Oct-2023 13:26:19.935 INFO [main] org.apache.catalina.startup.VersionLoggerListener.log Server built:          Aug 23 2023 22:43:14 UTC
19-Oct-2023 13:26:19.935 INFO [main] org.apache.catalina.startup.VersionLoggerListener.log Server version number: 8.5.93.0
19-Oct-2023 13:26:19.935 INFO [main] org.apache.catalina.startup.VersionLoggerListener.log OS Name:               Windows 11
19-Oct-2023 13:26:19.935 INFO [main] org.apache.catalina.startup.VersionLoggerListener.log OS Version:            10.0
19-Oct-2023 13:26:19.935 INFO [main] org.apache.catalina.startup.VersionLoggerListener.log Architecture:          amd64
19-Oct-2023 13:26:19.935 INFO [main] org.apache.catalina.startup.VersionLoggerListener.log Java Home:             D:\install\JAVA\jdk-20.0.2
19-Oct-2023 13:26:19.936 INFO [main] org.apache.catalina.startup.VersionLoggerListener.log JVM Version:           20.0.2+9-78
19-Oct-2023 13:26:19.936 INFO [main] org.apache.catalina.startup.VersionLoggerListener.log JVM Vendor:            Oracle Corporation
19-Oct-2023 13:26:19.936 INFO [main] org.apache.catalina.startup.VersionLoggerListener.log CATALINA_BASE:         E:\AIUB STUDY\11th semeser\adv. Java\mid\lab\lab-5\first-application\webapps
19-Oct-2023 13:26:19.936 INFO [main] org.apache.catalina.startup.VersionLoggerListener.log CATALINA_HOME:         D:\install\apache-tomcat-8.5.93
19-Oct-2023 13:26:19.937 INFO [main] org.apache.catalina.startup.VersionLoggerListener.log Command line argument: --add-opens=java.base/java.lang=ALL-UNNAMED
19-Oct-2023 13:26:19.938 INFO [main] org.apache.catalina.startup.VersionLoggerListener.log Command line argument: --add-opens=java.base/java.io=ALL-UNNAMED
19-Oct-2023 13:26:19.938 INFO [main] org.apache.catalina.startup.VersionLoggerListener.log Command line argument: --add-opens=java.base/java.util=ALL-UNNAMED
19-Oct-2023 13:26:19.938 INFO [main] org.apache.catalina.startup.VersionLoggerListener.log Command line argument: --add-opens=java.base/java.util.concurrent=ALL-UNNAMED
19-Oct-2023 13:26:19.938 INFO [main] org.apache.catalina.startup.VersionLoggerListener.log Command line argument: --add-opens=java.rmi/sun.rmi.transport=ALL-UNNAMED
19-Oct-2023 13:26:19.938 INFO [main] org.apache.catalina.startup.VersionLoggerListener.log Command line argument: -Dcatalina.home=D:\install\apache-tomcat-8.5.93
19-Oct-2023 13:26:19.938 INFO [main] org.apache.catalina.startup.VersionLoggerListener.log Command line argument: -Dcatalina.base=E:\AIUB STUDY\11th semeser\adv. Java\mid\lab\lab-5\first-application\webapps
19-Oct-2023 13:26:19.938 INFO [main] org.apache.catalina.startup.VersionLoggerListener.log Command line argument: -Djava.io.tmpdir=E:\AIUB STUDY\11th semeser\adv. Java\mid\lab\lab-5\first-application\webapps\temp
19-Oct-2023 13:26:19.939 INFO [main] org.apache.catalina.startup.VersionLoggerListener.log Command line argument: -Djava.util.logging.config.file=E:\AIUB STUDY\11th semeser\adv. Java\mid\lab\lab-5\first-application\webapps\conf\logging.properties
19-Oct-2023 13:26:19.939 INFO [main] org.apache.catalina.startup.VersionLoggerListener.log Command line argument: -Djava.util.logging.manager=org.apache.juli.ClassLoaderLogManager
19-Oct-2023 13:26:19.939 INFO [main] org.apache.catalina.startup.VersionLoggerListener.log Command line argument: -javaagent:D:\install\IntellijIdea\IntelliJ IDEA Community Edition 2023.2.2\lib\idea_rt.jar=56027:D:\install\IntellijIdea\IntelliJ IDEA Community Edition 2023.2.2\bin
19-Oct-2023 13:26:19.939 INFO [main] org.apache.catalina.startup.VersionLoggerListener.log Command line argument: -Dfile.encoding=UTF-8
19-Oct-2023 13:26:19.939 INFO [main] org.apache.catalina.startup.VersionLoggerListener.log Command line argument: -Dsun.stdout.encoding=UTF-8
19-Oct-2023 13:26:19.939 INFO [main] org.apache.catalina.startup.VersionLoggerListener.log Command line argument: -Dsun.stderr.encoding=UTF-8
19-Oct-2023 13:26:19.940 INFO [main] org.apache.catalina.core.AprLifecycleListener.lifecycleEvent The Apache Tomcat Native library which allows using OpenSSL was not found on the java.library.path: [D:\install\JAVA\jdk-20.0.2\bin;C:\WINDOWS\Sun\Java\bin;C:\WINDOWS\system32;C:\WINDOWS;C:\Python311\Scripts\;C:\Python311\;C:\Program Files\Microsoftremove\jdk-11.0.12.7-hotspot\bin;D:\install\Oracol10gExpress\app\oracle\product\10.2.0\server\bin;D:\installremove\JAVA JDK VSCODE\bin;C:\ProgramData\Oracle\Javaremove\javapath;C:\Program Files (x86)\Common Files\Intel\Shared Libraries\redist\intel64\compiler;C:\Windows\system32;C:\Windows;C:\Windows\System32\Wbem;C:\Windows\System32\WindowsPowerShell\v1.0\;C:\Windows\System32\OpenSSH\;C:\Program Files (x86)\NVIDIA Corporation\PhysX\Common;C:\Program Files\NVIDIA Corporation\NVIDIA NvDLISR;C:\WINDOWS\system32;C:\WINDOWS;C:\WINDOWS\System32\Wbem;C:\WINDOWS\System32\WindowsPowerShell\v1.0\;C:\WINDOWS\System32\OpenSSH\;D:\install\mingw\bin;C:\removejava jsp\bin;D:\install\CODEBLOCK\CodeBlocks\MinGW\bin;C:\Program Files\Git\cmd;C:\Program Files\Microsoft SQL Server\150\Tools\Binn\;C:\Program Files\Microsoft SQL Server\Client SDK\ODBC\170\Tools\Binn\;C:\Program Files\dotnet\;D:\install\CODEBLOCK\CodeBlocks\MinGW\x86_64-w64-mingw32;C:\Program Files\Microsoft SQL Server\Client SDK\ODBC\110\Tools\Binn\;C:\Program Files (x86)\Microsoft SQL Server\120\Tools\Binn\;C:\Program Files\Microsoft SQL Server\120\Tools\Binn\;C:\Program Files\Microsoft SQL Server\120\DTS\Binn\;C:\Program Files (x86)\Microsoft SQL Server\120\Tools\Binn\ManagementStudio\;C:\Program Files (x86)\Microsoft SQL Server\120\DTS\Binn\;D:\install\pythoInstall;D:\install\MATLAB\runtime\win64;D:\install\MATLAB\R2022b\runtime\win64;D:\install\MATLAB\bin;D:\install\MATLAB\polyspace\bin;C:\WINDOWS\system32;C:\WINDOWS;C:\WINDOWS\System32\Wbem;C:\WINDOWS\System32\WindowsPowerShell\v1.0\;C:\WINDOWS\System32\OpenSSH\;D:\install\xampp\apache\bin;C:\Program Files\Cloudflare\Cloudflare WARP\;D:\install\opencvc\opencv\build\bin;D:\install\mingw\bin;D:\install\JAVA\jdk-20.0.2\bin;D:\install\apache-maven-3.9.4\bin;D:\install\nodeJs\;C:\ProgramData\chocolatey\bin;C:\Program Files\MySQL\MySQL Shell 8.0\bin\;C:\Users\Niloy\AppData\Local\Microsoft\WindowsApps;C:\Users\Niloy\AppData\Local\Programs\Microsoft VS Code\bin;D:\install\VS CODE\Microsoft VS Code\bin;D:\install\IntellijIdea\IntelliJ IDEA Community Edition 2023.2.2\bin;;C:\Users\Niloy\.dotnet\tools;D:\install\PythonPycharm\PyCharm Community Edition 2022.1.1\bin;;D:\install\pythoInstall;D:\install\pythoInstall\Scripts;C:\Users\Niloy\AppData\Roaming\npm;.]
19-Oct-2023 13:26:19.989 INFO [main] org.apache.coyote.AbstractProtocol.init Initializing ProtocolHandler ["http-nio-8080"]
19-Oct-2023 13:26:20.009 INFO [main] org.apache.catalina.startup.Catalina.load Initialization processed in 626 ms
19-Oct-2023 13:26:20.055 INFO [main] org.apache.catalina.core.StandardService.startInternal Starting service [Catalina]
19-Oct-2023 13:26:20.055 INFO [main] org.apache.catalina.core.StandardEngine.startInternal Starting Servlet engine: [Apache Tomcat/8.5.93]
19-Oct-2023 13:26:20.065 INFO [localhost-startStop-1] org.apache.catalina.startup.HostConfig.deployDescriptor Deploying deployment descriptor [E:\AIUB STUDY\11th semeser\adv. Java\mid\lab\lab-5\first-application\webapps\conf\Catalina\localhost\first-application.xml]
19-Oct-2023 13:26:20.497 INFO [localhost-startStop-1] org.apache.catalina.startup.HostConfig.deployDescriptor Deployment of deployment descriptor [E:\AIUB STUDY\11th semeser\adv. Java\mid\lab\lab-5\first-application\webapps\conf\Catalina\localhost\first-application.xml] has finished in [431] ms
19-Oct-2023 13:26:20.500 INFO [main] org.apache.coyote.AbstractProtocol.start Starting ProtocolHandler ["http-nio-8080"]
19-Oct-2023 13:26:20.554 INFO [main] org.apache.catalina.startup.Catalina.start Server startup in 543 ms
